2022-06-02 16:57:37.982  INFO 15944 --- [main] m.e.hotel.HotelSearchTest                : Started HotelSearchTest in 4.07 seconds (JVM running for 5.159)
2022-06-02 16:57:38.813  INFO 15944 --- [SpringApplicationShutdownHook] com.alibaba.druid.pool.DruidDataSource   : {dataSource-1} closing ...
2022-06-02 16:57:38.815  INFO 15944 --- [SpringApplicationShutdownHook] com.alibaba.druid.pool.DruidDataSource   : {dataSource-1} closed
2022-06-02 16:58:17.204  INFO 11700 --- [main] m.e.hotel.HotelSearchTest                : Starting HotelSearchTest using Java 16.0.2 on mao with PID 11700 (started by mao in H:\程序\大三下期\elasticsearch_hotel)
2022-06-02 16:58:17.205 DEBUG 11700 --- [main] m.e.hotel.HotelSearchTest                : Running with Spring Boot v2.7.0, Spring v5.3.20
2022-06-02 16:58:17.206  INFO 11700 --- [main] m.e.hotel.HotelSearchTest                : The following 1 profile is active: "dev"
2022-06-02 16:58:18.431  INFO 11700 --- [main] c.a.d.s.b.a.DruidDataSourceAutoConfigure : Init DruidDataSource
2022-06-02 16:58:18.735  INFO 11700 --- [main] com.alibaba.druid.pool.DruidDataSource   : {dataSource-1} inited
2022-06-02 16:58:20.355  INFO 11700 --- [main] o.s.b.a.w.s.WelcomePageHandlerMapping    : Adding welcome page: class path resource [static/index.html]
2022-06-02 16:58:20.904  INFO 11700 --- [main] m.e.hotel.HotelSearchTest                : Started HotelSearchTest in 4.11 seconds (JVM running for 5.216)
2022-06-02 16:58:21.886  INFO 11700 --- [SpringApplicationShutdownHook] com.alibaba.druid.pool.DruidDataSource   : {dataSource-1} closing ...
2022-06-02 16:58:21.888  INFO 11700 --- [SpringApplicationShutdownHook] com.alibaba.druid.pool.DruidDataSource   : {dataSource-1} closed
2022-06-02 16:59:00.628  INFO 11712 --- [main] m.e.hotel.HotelSearchTest                : Starting HotelSearchTest using Java 16.0.2 on mao with PID 11712 (started by mao in H:\程序\大三下期\elasticsearch_hotel)
2022-06-02 16:59:00.629 DEBUG 11712 --- [main] m.e.hotel.HotelSearchTest                : Running with Spring Boot v2.7.0, Spring v5.3.20
2022-06-02 16:59:00.630  INFO 11712 --- [main] m.e.hotel.HotelSearchTest                : The following 1 profile is active: "dev"
2022-06-02 16:59:01.731  INFO 11712 --- [main] c.a.d.s.b.a.DruidDataSourceAutoConfigure : Init DruidDataSource
2022-06-02 16:59:02.040  INFO 11712 --- [main] com.alibaba.druid.pool.DruidDataSource   : {dataSource-1} inited
2022-06-02 16:59:03.587  INFO 11712 --- [main] o.s.b.a.w.s.WelcomePageHandlerMapping    : Adding welcome page: class path resource [static/index.html]
2022-06-02 16:59:04.170  INFO 11712 --- [main] m.e.hotel.HotelSearchTest                : Started HotelSearchTest in 3.964 seconds (JVM running for 5.034)
2022-06-02 16:59:05.128  INFO 11712 --- [SpringApplicationShutdownHook] com.alibaba.druid.pool.DruidDataSource   : {dataSource-1} closing ...
2022-06-02 16:59:05.130  INFO 11712 --- [SpringApplicationShutdownHook] com.alibaba.druid.pool.DruidDataSource   : {dataSource-1} closed
