2022-06-02 15:47:17.087 ERROR 7328 --- [http-nio-8089-exec-10] o.a.c.c.C.[.[.[/].[dispatcherServlet]    : Servlet.service() for servlet [dispatcherServlet] in context with path [] threw exception [Request processing failed; nested exception is [hotel] ElasticsearchStatusException[Elasticsearch exception [type=index_not_found_exception, reason=no such index [hotel]]]] with root cause

org.elasticsearch.ElasticsearchStatusException: Elasticsearch exception [type=index_not_found_exception, reason=no such index [hotel]]
	at org.elasticsearch.rest.BytesRestResponse.errorFromXContent(BytesRestResponse.java:178) ~[elasticsearch-7.17.3.jar:7.17.3]
	at org.elasticsearch.client.RestHighLevelClient.parseEntity(RestHighLevelClient.java:2484) ~[elasticsearch-rest-high-level-client-7.17.3.jar:7.17.3]
	at org.elasticsearch.client.RestHighLevelClient.parseResponseException(RestHighLevelClient.java:2461) ~[elasticsearch-rest-high-level-client-7.17.3.jar:7.17.3]
	at org.elasticsearch.client.RestHighLevelClient.internalPerformRequest(RestHighLevelClient.java:2184) ~[elasticsearch-rest-high-level-client-7.17.3.jar:7.17.3]
	at org.elasticsearch.client.RestHighLevelClient.performRequest(RestHighLevelClient.java:2137) ~[elasticsearch-rest-high-level-client-7.17.3.jar:7.17.3]
	at org.elasticsearch.client.RestHighLevelClient.performRequestAndParseEntity(RestHighLevelClient.java:2105) ~[elasticsearch-rest-high-level-client-7.17.3.jar:7.17.3]
	at org.elasticsearch.client.RestHighLevelClient.search(RestHighLevelClient.java:1367) ~[elasticsearch-rest-high-level-client-7.17.3.jar:7.17.3]
	at mao.elasticsearch_hotel.service.impl.HotelServiceImpl.search(HotelServiceImpl.java:81) ~[classes/:na]
	at mao.elasticsearch_hotel.service.impl.HotelServiceImpl$$FastClassBySpringCGLIB$$4341a8c7.invoke(<generated>) ~[classes/:na]
	at org.springframework.cglib.proxy.MethodProxy.invoke(MethodProxy.java:218) ~[spring-core-5.3.20.jar:5.3.20]
	at org.springframework.aop.framework.CglibAopProxy.invokeMethod(CglibAopProxy.java:386) ~[spring-aop-5.3.20.jar:5.3.20]
	at org.springframework.aop.framework.CglibAopProxy.access$000(CglibAopProxy.java:85) ~[spring-aop-5.3.20.jar:5.3.20]
	at org.springframework.aop.framework.CglibAopProxy$DynamicAdvisedInterceptor.intercept(CglibAopProxy.java:704) ~[spring-aop-5.3.20.jar:5.3.20]
	at mao.elasticsearch_hotel.service.impl.HotelServiceImpl$$EnhancerBySpringCGLIB$$787b6140.search(<generated>) ~[classes/:na]
	at mao.elasticsearch_hotel.controller.HotelController.search(HotelController.java:43) ~[classes/:na]
	at java.base/jdk.internal.reflect.NativeMethodAccessorImpl.invoke0(Native Method) ~[na:na]
	at java.base/jdk.internal.reflect.NativeMethodAccessorImpl.invoke(NativeMethodAccessorImpl.java:78) ~[na:na]
	at java.base/jdk.internal.reflect.DelegatingMethodAccessorImpl.invoke(DelegatingMethodAccessorImpl.java:43) ~[na:na]
	at java.base/java.lang.reflect.Method.invoke(Method.java:567) ~[na:na]
	at org.springframework.web.method.support.InvocableHandlerMethod.doInvoke(InvocableHandlerMethod.java:205) ~[spring-web-5.3.20.jar:5.3.20]
	at org.springframework.web.method.support.InvocableHandlerMethod.invokeForRequest(InvocableHandlerMethod.java:150) ~[spring-web-5.3.20.jar:5.3.20]
	at org.springframework.web.servlet.mvc.method.annotation.ServletInvocableHandlerMethod.invokeAndHandle(ServletInvocableHandlerMethod.java:117) ~[spring-webmvc-5.3.20.jar:5.3.20]
	at org.springframework.web.servlet.mvc.method.annotation.RequestMappingHandlerAdapter.invokeHandlerMethod(RequestMappingHandlerAdapter.java:895) ~[spring-webmvc-5.3.20.jar:5.3.20]
	at org.springframework.web.servlet.mvc.method.annotation.RequestMappingHandlerAdapter.handleInternal(RequestMappingHandlerAdapter.java:808) ~[spring-webmvc-5.3.20.jar:5.3.20]
	at org.springframework.web.servlet.mvc.method.AbstractHandlerMethodAdapter.handle(AbstractHandlerMethodAdapter.java:87) ~[spring-webmvc-5.3.20.jar:5.3.20]
	at org.springframework.web.servlet.DispatcherServlet.doDispatch(DispatcherServlet.java:1067) ~[spring-webmvc-5.3.20.jar:5.3.20]
	at org.springframework.web.servlet.DispatcherServlet.doService(DispatcherServlet.java:963) ~[spring-webmvc-5.3.20.jar:5.3.20]
	at org.springframework.web.servlet.FrameworkServlet.processRequest(FrameworkServlet.java:1006) ~[spring-webmvc-5.3.20.jar:5.3.20]
	at org.springframework.web.servlet.FrameworkServlet.doPost(FrameworkServlet.java:909) ~[spring-webmvc-5.3.20.jar:5.3.20]
	at javax.servlet.http.HttpServlet.service(HttpServlet.java:681) ~[tomcat-embed-core-9.0.63.jar:4.0.FR]
	at org.springframework.web.servlet.FrameworkServlet.service(FrameworkServlet.java:883) ~[spring-webmvc-5.3.20.jar:5.3.20]
	at javax.servlet.http.HttpServlet.service(HttpServlet.java:764) ~[tomcat-embed-core-9.0.63.jar:4.0.FR]
	at org.apache.catalina.core.ApplicationFilterChain.internalDoFilter(ApplicationFilterChain.java:227) ~[tomcat-embed-core-9.0.63.jar:9.0.63]
	at org.apache.catalina.core.ApplicationFilterChain.doFilter(ApplicationFilterChain.java:162) ~[tomcat-embed-core-9.0.63.jar:9.0.63]
	at org.apache.tomcat.websocket.server.WsFilter.doFilter(WsFilter.java:53) ~[tomcat-embed-websocket-9.0.63.jar:9.0.63]
	at org.apache.catalina.core.ApplicationFilterChain.internalDoFilter(ApplicationFilterChain.java:189) ~[tomcat-embed-core-9.0.63.jar:9.0.63]
	at org.apache.catalina.core.ApplicationFilterChain.doFilter(ApplicationFilterChain.java:162) ~[tomcat-embed-core-9.0.63.jar:9.0.63]
	at org.springframework.web.filter.RequestContextFilter.doFilterInternal(RequestContextFilter.java:100) ~[spring-web-5.3.20.jar:5.3.20]
	at org.springframework.web.filter.OncePerRequestFilter.doFilter(OncePerRequestFilter.java:117) ~[spring-web-5.3.20.jar:5.3.20]
	at org.apache.catalina.core.ApplicationFilterChain.internalDoFilter(ApplicationFilterChain.java:189) ~[tomcat-embed-core-9.0.63.jar:9.0.63]
	at org.apache.catalina.core.ApplicationFilterChain.doFilter(ApplicationFilterChain.java:162) ~[tomcat-embed-core-9.0.63.jar:9.0.63]
	at org.springframework.web.filter.FormContentFilter.doFilterInternal(FormContentFilter.java:93) ~[spring-web-5.3.20.jar:5.3.20]
	at org.springframework.web.filter.OncePerRequestFilter.doFilter(OncePerRequestFilter.java:117) ~[spring-web-5.3.20.jar:5.3.20]
	at org.apache.catalina.core.ApplicationFilterChain.internalDoFilter(ApplicationFilterChain.java:189) ~[tomcat-embed-core-9.0.63.jar:9.0.63]
	at org.apache.catalina.core.ApplicationFilterChain.doFilter(ApplicationFilterChain.java:162) ~[tomcat-embed-core-9.0.63.jar:9.0.63]
	at org.springframework.web.filter.CharacterEncodingFilter.doFilterInternal(CharacterEncodingFilter.java:201) ~[spring-web-5.3.20.jar:5.3.20]
	at org.springframework.web.filter.OncePerRequestFilter.doFilter(OncePerRequestFilter.java:117) ~[spring-web-5.3.20.jar:5.3.20]
	at org.apache.catalina.core.ApplicationFilterChain.internalDoFilter(ApplicationFilterChain.java:189) ~[tomcat-embed-core-9.0.63.jar:9.0.63]
	at org.apache.catalina.core.ApplicationFilterChain.doFilter(ApplicationFilterChain.java:162) ~[tomcat-embed-core-9.0.63.jar:9.0.63]
	at org.apache.catalina.core.StandardWrapperValve.invoke(StandardWrapperValve.java:197) ~[tomcat-embed-core-9.0.63.jar:9.0.63]
	at org.apache.catalina.core.StandardContextValve.invoke(StandardContextValve.java:97) ~[tomcat-embed-core-9.0.63.jar:9.0.63]
	at org.apache.catalina.authenticator.AuthenticatorBase.invoke(AuthenticatorBase.java:541) ~[tomcat-embed-core-9.0.63.jar:9.0.63]
	at org.apache.catalina.core.StandardHostValve.invoke(StandardHostValve.java:135) ~[tomcat-embed-core-9.0.63.jar:9.0.63]
	at org.apache.catalina.valves.ErrorReportValve.invoke(ErrorReportValve.java:92) ~[tomcat-embed-core-9.0.63.jar:9.0.63]
	at org.apache.catalina.core.StandardEngineValve.invoke(StandardEngineValve.java:78) ~[tomcat-embed-core-9.0.63.jar:9.0.63]
	at org.apache.catalina.connector.CoyoteAdapter.service(CoyoteAdapter.java:360) ~[tomcat-embed-core-9.0.63.jar:9.0.63]
	at org.apache.coyote.http11.Http11Processor.service(Http11Processor.java:399) ~[tomcat-embed-core-9.0.63.jar:9.0.63]
	at org.apache.coyote.AbstractProcessorLight.process(AbstractProcessorLight.java:65) ~[tomcat-embed-core-9.0.63.jar:9.0.63]
	at org.apache.coyote.AbstractProtocol$ConnectionHandler.process(AbstractProtocol.java:890) ~[tomcat-embed-core-9.0.63.jar:9.0.63]
	at org.apache.tomcat.util.net.NioEndpoint$SocketProcessor.doRun(NioEndpoint.java:1743) ~[tomcat-embed-core-9.0.63.jar:9.0.63]
	at org.apache.tomcat.util.net.SocketProcessorBase.run(SocketProcessorBase.java:49) ~[tomcat-embed-core-9.0.63.jar:9.0.63]
	at org.apache.tomcat.util.threads.ThreadPoolExecutor.runWorker(ThreadPoolExecutor.java:1191) ~[tomcat-embed-core-9.0.63.jar:9.0.63]
	at org.apache.tomcat.util.threads.ThreadPoolExecutor$Worker.run(ThreadPoolExecutor.java:659) ~[tomcat-embed-core-9.0.63.jar:9.0.63]
	at org.apache.tomcat.util.threads.TaskThread$WrappingRunnable.run(TaskThread.java:61) ~[tomcat-embed-core-9.0.63.jar:9.0.63]
	at java.base/java.lang.Thread.run(Thread.java:831) ~[na:na]
	Suppressed: org.elasticsearch.client.ResponseException: method [POST], host [http://localhost:9200], URI [/hotel/_search?typed_keys=true&max_concurrent_shard_requests=5&search_type=query_then_fetch&batched_reduce_size=512], status line [HTTP/1.1 404 Not Found]
{"error":{"root_cause":[{"type":"index_not_found_exception","reason":"no such index [hotel]","resource.type":"index_or_alias","resource.id":"hotel","index_uuid":"_na_","index":"hotel"}],"type":"index_not_found_exception","reason":"no such index [hotel]","resource.type":"index_or_alias","resource.id":"hotel","index_uuid":"_na_","index":"hotel"},"status":404}
		at org.elasticsearch.client.RestClient.convertResponse(RestClient.java:346) ~[elasticsearch-rest-client-7.17.3.jar:7.17.3]
		at org.elasticsearch.client.RestClient.performRequest(RestClient.java:312) ~[elasticsearch-rest-client-7.17.3.jar:7.17.3]
		at org.elasticsearch.client.RestClient.performRequest(RestClient.java:287) ~[elasticsearch-rest-client-7.17.3.jar:7.17.3]
		at org.elasticsearch.client.RestHighLevelClient.performClientRequest(RestHighLevelClient.java:2699) ~[elasticsearch-rest-high-level-client-7.17.3.jar:7.17.3]
		at org.elasticsearch.client.RestHighLevelClient.internalPerformRequest(RestHighLevelClient.java:2171) ~[elasticsearch-rest-high-level-client-7.17.3.jar:7.17.3]
		... 61 common frames omitted

2022-06-02 15:50:19.993  INFO 7328 --- [http-nio-8089-exec-2] o.apache.coyote.http11.Http11Processor   : Error parsing HTTP request header
 Note: further occurrences of HTTP request parsing errors will be logged at DEBUG level.

java.lang.IllegalArgumentException: Invalid character found in method name [0x030x000x000x130x0e0xe00x000x000x000x000x000x010x000x080x000x020x000x000x00...]. HTTP method names must be tokens
	at org.apache.coyote.http11.Http11InputBuffer.parseRequestLine(Http11InputBuffer.java:419) ~[tomcat-embed-core-9.0.63.jar:9.0.63]
	at org.apache.coyote.http11.Http11Processor.service(Http11Processor.java:271) ~[tomcat-embed-core-9.0.63.jar:9.0.63]
	at org.apache.coyote.AbstractProcessorLight.process(AbstractProcessorLight.java:65) ~[tomcat-embed-core-9.0.63.jar:9.0.63]
	at org.apache.coyote.AbstractProtocol$ConnectionHandler.process(AbstractProtocol.java:890) ~[tomcat-embed-core-9.0.63.jar:9.0.63]
	at org.apache.tomcat.util.net.NioEndpoint$SocketProcessor.doRun(NioEndpoint.java:1743) ~[tomcat-embed-core-9.0.63.jar:9.0.63]
	at org.apache.tomcat.util.net.SocketProcessorBase.run(SocketProcessorBase.java:49) ~[tomcat-embed-core-9.0.63.jar:9.0.63]
	at org.apache.tomcat.util.threads.ThreadPoolExecutor.runWorker(ThreadPoolExecutor.java:1191) ~[tomcat-embed-core-9.0.63.jar:9.0.63]
	at org.apache.tomcat.util.threads.ThreadPoolExecutor$Worker.run(ThreadPoolExecutor.java:659) ~[tomcat-embed-core-9.0.63.jar:9.0.63]
	at org.apache.tomcat.util.threads.TaskThread$WrappingRunnable.run(TaskThread.java:61) ~[tomcat-embed-core-9.0.63.jar:9.0.63]
	at java.base/java.lang.Thread.run(Thread.java:831) ~[na:na]

2022-06-02 15:51:34.901  INFO 7328 --- [Thread-5] com.alibaba.druid.pool.DruidDataSource   : {dataSource-1} closing ...
2022-06-02 15:51:34.903  INFO 7328 --- [Thread-5] com.alibaba.druid.pool.DruidDataSource   : {dataSource-1} closed
2022-06-02 15:51:34.992  INFO 7328 --- [restartedMain] m.e.ElasticsearchHotelApplication        : Starting ElasticsearchHotelApplication using Java 16.0.2 on mao with PID 7328 (H:\程序\大三下期\elasticsearch_hotel\target\classes started by mao in H:\程序\大三下期\elasticsearch_hotel)
2022-06-02 15:51:34.992 DEBUG 7328 --- [restartedMain] m.e.ElasticsearchHotelApplication        : Running with Spring Boot v2.7.0, Spring v5.3.20
2022-06-02 15:51:34.993  INFO 7328 --- [restartedMain] m.e.ElasticsearchHotelApplication        : The following 1 profile is active: "dev"
2022-06-02 15:51:35.205  INFO 7328 --- [restartedMain] o.s.b.w.embedded.tomcat.TomcatWebServer  : Tomcat initialized with port(s): 8089 (http)
2022-06-02 15:51:35.205  INFO 7328 --- [restartedMain] o.apache.catalina.core.StandardService   : Starting service [Tomcat]
2022-06-02 15:51:35.206  INFO 7328 --- [restartedMain] org.apache.catalina.core.StandardEngine  : Starting Servlet engine: [Apache Tomcat/9.0.63]
2022-06-02 15:51:35.231  INFO 7328 --- [restartedMain] o.a.c.c.C.[Tomcat].[localhost].[/]       : Initializing Spring embedded WebApplicationContext
2022-06-02 15:51:35.232  INFO 7328 --- [restartedMain] w.s.c.ServletWebServerApplicationContext : Root WebApplicationContext: initialization completed in 237 ms
2022-06-02 15:51:35.248  INFO 7328 --- [restartedMain] c.a.d.s.b.a.DruidDataSourceAutoConfigure : Init DruidDataSource
2022-06-02 15:51:35.284  INFO 7328 --- [restartedMain] com.alibaba.druid.pool.DruidDataSource   : {dataSource-2} inited
2022-06-02 15:51:35.401  INFO 7328 --- [restartedMain] o.s.b.a.w.s.WelcomePageHandlerMapping    : Adding welcome page: class path resource [static/index.html]
2022-06-02 15:51:35.451  INFO 7328 --- [restartedMain] o.s.b.d.a.OptionalLiveReloadServer       : LiveReload server is running on port 35729
2022-06-02 15:51:35.469  INFO 7328 --- [restartedMain] o.s.b.w.embedded.tomcat.TomcatWebServer  : Tomcat started on port(s): 8089 (http) with context path ''
2022-06-02 15:51:35.473  INFO 7328 --- [restartedMain] m.e.ElasticsearchHotelApplication        : Started ElasticsearchHotelApplication in 0.52 seconds (JVM running for 803.522)
2022-06-02 15:51:35.475  INFO 7328 --- [restartedMain] .ConditionEvaluationDeltaLoggingListener : Condition evaluation unchanged
2022-06-02 15:51:36.892  INFO 7328 --- [Thread-7] com.alibaba.druid.pool.DruidDataSource   : {dataSource-2} closing ...
2022-06-02 15:51:36.892  INFO 7328 --- [Thread-7] com.alibaba.druid.pool.DruidDataSource   : {dataSource-2} closed
2022-06-02 15:51:36.969  INFO 7328 --- [restartedMain] m.e.ElasticsearchHotelApplication        : Starting ElasticsearchHotelApplication using Java 16.0.2 on mao with PID 7328 (H:\程序\大三下期\elasticsearch_hotel\target\classes started by mao in H:\程序\大三下期\elasticsearch_hotel)
2022-06-02 15:51:36.970 DEBUG 7328 --- [restartedMain] m.e.ElasticsearchHotelApplication        : Running with Spring Boot v2.7.0, Spring v5.3.20
2022-06-02 15:51:36.970  INFO 7328 --- [restartedMain] m.e.ElasticsearchHotelApplication        : The following 1 profile is active: "dev"
2022-06-02 15:51:37.168  INFO 7328 --- [restartedMain] o.s.b.w.embedded.tomcat.TomcatWebServer  : Tomcat initialized with port(s): 8089 (http)
2022-06-02 15:51:37.169  INFO 7328 --- [restartedMain] o.apache.catalina.core.StandardService   : Starting service [Tomcat]
2022-06-02 15:51:37.169  INFO 7328 --- [restartedMain] org.apache.catalina.core.StandardEngine  : Starting Servlet engine: [Apache Tomcat/9.0.63]
2022-06-02 15:51:37.192  INFO 7328 --- [restartedMain] o.a.c.c.C.[Tomcat].[localhost].[/]       : Initializing Spring embedded WebApplicationContext
2022-06-02 15:51:37.192  INFO 7328 --- [restartedMain] w.s.c.ServletWebServerApplicationContext : Root WebApplicationContext: initialization completed in 220 ms
2022-06-02 15:51:37.209  INFO 7328 --- [restartedMain] c.a.d.s.b.a.DruidDataSourceAutoConfigure : Init DruidDataSource
2022-06-02 15:51:37.238  INFO 7328 --- [restartedMain] com.alibaba.druid.pool.DruidDataSource   : {dataSource-3} inited
2022-06-02 15:51:37.357  INFO 7328 --- [restartedMain] o.s.b.a.w.s.WelcomePageHandlerMapping    : Adding welcome page: class path resource [static/index.html]
2022-06-02 15:51:37.401  INFO 7328 --- [restartedMain] o.s.b.d.a.OptionalLiveReloadServer       : LiveReload server is running on port 35729
2022-06-02 15:51:37.422  INFO 7328 --- [restartedMain] o.s.b.w.embedded.tomcat.TomcatWebServer  : Tomcat started on port(s): 8089 (http) with context path ''
2022-06-02 15:51:37.428  INFO 7328 --- [restartedMain] m.e.ElasticsearchHotelApplication        : Started ElasticsearchHotelApplication in 0.49 seconds (JVM running for 805.477)
2022-06-02 15:51:37.430  INFO 7328 --- [restartedMain] .ConditionEvaluationDeltaLoggingListener : Condition evaluation unchanged
